<?xml version="1.0" encoding="UTF-8"?>
<testng-results ignored="0" total="2" passed="2" failed="0" skipped="0">
  <reporter-output>
  </reporter-output>
  <suite started-at="2025-07-20T11:37:23 IST" name="Suite" finished-at="2025-07-20T11:37:38 IST" duration-ms="15012">
    <groups>
    </groups>
    <test started-at="2025-07-20T11:37:23 IST" name="Test" finished-at="2025-07-20T11:37:38 IST" duration-ms="15012">
      <class name="testCases.TC_002_LoginTest">
        <test-method is-config="true" signature="setup(java.lang.String)[pri:0, instance:testCases.TC_002_LoginTest@5ef6ae06]" started-at="2025-07-20T11:37:33 IST" name="setup" finished-at="2025-07-20T11:37:36 IST" duration-ms="3203" status="PASS">
          <params>
            <param index="0">
              <value>
                <![CDATA[edge]]>
              </value>
            </param>
          </params>
          <reporter-output>
          </reporter-output>
        </test-method> <!-- setup -->
        <test-method signature="verify_login()[pri:0, instance:testCases.TC_002_LoginTest@5ef6ae06]" started-at="2025-07-20T11:37:36 IST" name="verify_login" finished-at="2025-07-20T11:37:38 IST" duration-ms="1770" status="PASS">
          <reporter-output>
          </reporter-output>
        </test-method> <!-- verify_login -->
        <test-method is-config="true" signature="tearDown()[pri:0, instance:testCases.TC_002_LoginTest@5ef6ae06]" started-at="2025-07-20T11:37:38 IST" name="tearDown" finished-at="2025-07-20T11:37:38 IST" duration-ms="332" status="PASS">
          <reporter-output>
          </reporter-output>
        </test-method> <!-- tearDown -->
      </class> <!-- testCases.TC_002_LoginTest -->
      <class name="testCases.TC001_AccountRegistrationTest">
        <test-method is-config="true" signature="setup(java.lang.String)[pri:0, instance:testCases.TC001_AccountRegistrationTest@5d8bafa9]" started-at="2025-07-20T11:37:23 IST" name="setup" finished-at="2025-07-20T11:37:29 IST" duration-ms="5890" status="PASS">
          <params>
            <param index="0">
              <value>
                <![CDATA[edge]]>
              </value>
            </param>
          </params>
          <reporter-output>
          </reporter-output>
        </test-method> <!-- setup -->
        <test-method signature="verify_account_registration()[pri:0, instance:testCases.TC001_AccountRegistrationTest@5d8bafa9]" started-at="2025-07-20T11:37:29 IST" name="verify_account_registration" finished-at="2025-07-20T11:37:32 IST" duration-ms="3392" status="PASS">
          <reporter-output>
          </reporter-output>
        </test-method> <!-- verify_account_registration -->
        <test-method is-config="true" signature="tearDown()[pri:0, instance:testCases.TC001_AccountRegistrationTest@5d8bafa9]" started-at="2025-07-20T11:37:32 IST" name="tearDown" finished-at="2025-07-20T11:37:33 IST" duration-ms="328" status="PASS">
          <reporter-output>
          </reporter-output>
        </test-method> <!-- tearDown -->
      </class> <!-- testCases.TC001_AccountRegistrationTest -->
    </test> <!-- Test -->
  </suite> <!-- Suite -->
</testng-results>
