<?xml version="1.0" encoding="UTF-8"?>
<testng-results ignored="0" total="2" passed="2" failed="0" skipped="0">
  <reporter-output>
  </reporter-output>
  <suite started-at="2025-07-20T10:31:50 IST" name="Suite" finished-at="2025-07-20T10:32:01 IST" duration-ms="11557">
    <groups>
    </groups>
    <test started-at="2025-07-20T10:31:50 IST" name="Test" finished-at="2025-07-20T10:32:01 IST" duration-ms="11557">
      <class name="testCases.TC_002_LoginTest">
        <test-method is-config="true" signature="setup(java.lang.String)[pri:0, instance:testCases.TC_002_LoginTest@784b990c]" started-at="2025-07-20T10:31:57 IST" name="setup" finished-at="2025-07-20T10:31:59 IST" duration-ms="2433" status="PASS">
          <params>
            <param index="0">
              <value>
                <![CDATA[edge]]>
              </value>
            </param>
          </params>
          <reporter-output>
          </reporter-output>
        </test-method> <!-- setup -->
        <test-method signature="verify_login()[pri:0, instance:testCases.TC_002_LoginTest@784b990c]" started-at="2025-07-20T10:31:59 IST" name="verify_login" finished-at="2025-07-20T10:32:01 IST" duration-ms="1486" status="PASS">
          <reporter-output>
          </reporter-output>
        </test-method> <!-- verify_login -->
        <test-method is-config="true" signature="tearDown()[pri:0, instance:testCases.TC_002_LoginTest@784b990c]" started-at="2025-07-20T10:32:01 IST" name="tearDown" finished-at="2025-07-20T10:32:01 IST" duration-ms="240" status="PASS">
          <reporter-output>
          </reporter-output>
        </test-method> <!-- tearDown -->
      </class> <!-- testCases.TC_002_LoginTest -->
      <class name="testCases.TC001_AccountRegistrationTest">
        <test-method is-config="true" signature="setup(java.lang.String)[pri:0, instance:testCases.TC001_AccountRegistrationTest@6475472c]" started-at="2025-07-20T10:31:50 IST" name="setup" finished-at="2025-07-20T10:31:54 IST" duration-ms="4540" status="PASS">
          <params>
            <param index="0">
              <value>
                <![CDATA[edge]]>
              </value>
            </param>
          </params>
          <reporter-output>
          </reporter-output>
        </test-method> <!-- setup -->
        <test-method signature="verify_account_registration()[pri:0, instance:testCases.TC001_AccountRegistrationTest@6475472c]" started-at="2025-07-20T10:31:54 IST" name="verify_account_registration" finished-at="2025-07-20T10:31:57 IST" duration-ms="2513" status="PASS">
          <reporter-output>
          </reporter-output>
        </test-method> <!-- verify_account_registration -->
        <test-method is-config="true" signature="tearDown()[pri:0, instance:testCases.TC001_AccountRegistrationTest@6475472c]" started-at="2025-07-20T10:31:57 IST" name="tearDown" finished-at="2025-07-20T10:31:57 IST" duration-ms="260" status="PASS">
          <reporter-output>
          </reporter-output>
        </test-method> <!-- tearDown -->
      </class> <!-- testCases.TC001_AccountRegistrationTest -->
    </test> <!-- Test -->
  </suite> <!-- Suite -->
</testng-results>
